<?xml version="1.0" encoding="UTF-8"?>
<testng-results ignored="0" total="1" passed="1" failed="0" skipped="0">
  <reporter-output>
  </reporter-output>
  <suite started-at="2021-06-18T09:01:27Z" name="Default suite" finished-at="2021-06-18T09:01:41Z" duration-ms="14095">
    <groups>
    </groups>
    <test started-at="2021-06-18T09:01:27Z" name="Default test" finished-at="2021-06-18T09:01:41Z" duration-ms="14095">
      <class name="com.qa.tests.HomePageTests">
        <test-method is-config="true" signature="setUp()[pri:0, instance:com.qa.tests.HomePageTests@29d89d5d]" started-at="2021-06-18T09:01:27Z" name="setUp" finished-at="2021-06-18T09:01:39Z" duration-ms="11570" status="PASS">
          <reporter-output>
          </reporter-output>
        </test-method> <!-- setUp -->
        <test-method signature="sampleTest()[pri:0, instance:com.qa.tests.HomePageTests@29d89d5d]" started-at="2021-06-18T09:01:39Z" name="sampleTest" finished-at="2021-06-18T09:01:41Z" duration-ms="2391" status="PASS">
          <reporter-output>
          </reporter-output>
        </test-method> <!-- sampleTest -->
        <test-method is-config="true" signature="wrapUp()[pri:0, instance:com.qa.tests.HomePageTests@29d89d5d]" started-at="2021-06-18T09:01:41Z" name="wrapUp" finished-at="2021-06-18T09:01:41Z" duration-ms="110" status="PASS">
          <reporter-output>
          </reporter-output>
        </test-method> <!-- wrapUp -->
      </class> <!-- com.qa.tests.HomePageTests -->
    </test> <!-- Default test -->
  </suite> <!-- Default suite -->
</testng-results>
